2024-11-14 12:05:24,553 - Starting association test script with the following parameters:
2024-11-14 12:05:24,553 - VCF file: /home/eup009/dnanexus/500k_analysis/res_call/call_output_Case_White_batch1/normalized_merged_variants.vcf.gz
2024-11-14 12:05:24,553 - Genotype field: both
2024-11-14 12:05:24,553 - Chromosome: chr7
2024-11-14 12:05:24,553 - Start position: 74774011
2024-11-14 12:05:24,553 - End position: 74789314
2024-11-14 12:05:24,553 - Phenotype file: /home/eup009/dnanexus/500k_analysis/res_call/test_assoc_pheno_cov.txt
2024-11-14 12:05:24,553 - Sample ID column: IID
2024-11-14 12:05:24,553 - Phenotype column: L929
2024-11-14 12:05:24,553 - Covariate columns: ['Age', 'Sex', 'PC1', 'PC2', 'PC3', 'PC4', 'PC5', 'PC6', 'PC7', 'PC8', 'PC9', 'PC10']
2024-11-14 12:05:24,553 - Association test method: logistic
2024-11-14 12:05:24,553 - Output file: results_logistic_both.txt
2024-11-14 12:05:24,553 - Reading phenotype data...
2024-11-14 12:05:25,481 - Phenotype data contains 502217 samples.
2024-11-14 12:05:25,483 - First few sample IDs from VCF:
2024-11-14 12:05:25,483 - ['1097050', '3754588', '1401957', '3026831', '1670083']
2024-11-14 12:05:25,483 - First few sample IDs from phenotype data:
2024-11-14 12:05:25,483 - ['5067852', '2197621', '5764231', '4665094', '5553528']
2024-11-14 12:05:25,514 - Found 488 overlapping samples between phenotype data and VCF.
2024-11-14 12:05:39,072 - Variant . at position 74774037 skipped: No variation in genotypes.
2024-11-14 12:05:39,074 - Variant . at position 74774051 skipped: No variation in genotypes.
2024-11-14 12:05:39,076 - Variant . at position 74774055 skipped: No variation in genotypes.
2024-11-14 12:05:39,077 - Variant . at position 74774081 skipped: No variation in genotypes.
2024-11-14 12:05:39,079 - Variant . at position 74774131 skipped: No variation in genotypes.
2024-11-14 12:05:39,081 - Variant . at position 74774136 skipped: No variation in genotypes.
2024-11-14 12:05:39,083 - Variant . at position 74774137 skipped: No variation in genotypes.
2024-11-14 12:05:39,085 - Variant . at position 74774196 skipped: No variation in genotypes.
2024-11-14 12:05:39,086 - Variant . at position 74774227 skipped: No variation in genotypes.
2024-11-14 12:05:39,088 - Variant . at position 74774316 skipped: No variation in genotypes.
2024-11-14 12:05:39,090 - Variant . at position 74774463 skipped: No variation in genotypes.
2024-11-14 12:05:39,092 - Variant . at position 74774464 skipped: No variation in genotypes.
2024-11-14 12:05:39,094 - Variant . at position 74774517 skipped: No variation in genotypes.
2024-11-14 12:05:39,096 - Variant . at position 74774558 skipped: No variation in genotypes.
2024-11-14 12:05:39,097 - Variant . at position 74774649 skipped: No variation in genotypes.
2024-11-14 12:05:39,099 - Variant . at position 74774711 skipped: No variation in genotypes.
2024-11-14 12:05:39,127 - Variant . at position 74774773 skipped: No variation in genotypes.
2024-11-14 12:05:39,128 - Variant . at position 74774779 skipped: No variation in genotypes.
2024-11-14 12:05:39,130 - Variant . at position 74774820 skipped: No variation in genotypes.
2024-11-14 12:05:39,132 - Variant . at position 74774824 skipped: No variation in genotypes.
2024-11-14 12:05:39,134 - Variant . at position 74774827 skipped: No variation in genotypes.
2024-11-14 12:05:39,136 - Variant . at position 74774829 skipped: No variation in genotypes.
2024-11-14 12:05:39,139 - HWE test not performed for variant . at position 74774884 due to insufficient data.
2024-11-14 12:05:39,162 - Variant . at position 74775000 skipped: No variation in genotypes.
2024-11-14 12:05:39,163 - Variant . at position 74775029 skipped: No variation in genotypes.
2024-11-14 12:05:39,166 - HWE test not performed for variant . at position 74775074 due to insufficient data.
2024-11-14 12:05:39,190 - HWE test not performed for variant . at position 74775091 due to insufficient data.
2024-11-14 12:05:39,213 - Variant . at position 74775097 skipped: No variation in genotypes.
2024-11-14 12:05:39,215 - Variant . at position 74775097 skipped: No variation in genotypes.
2024-11-14 12:05:39,218 - HWE test not performed for variant . at position 74775104 due to insufficient data.
2024-11-14 12:05:39,241 - Variant . at position 74775131 skipped: No variation in genotypes.
2024-11-14 12:05:39,243 - Variant . at position 74775134 skipped: No variation in genotypes.
2024-11-14 12:05:39,246 - HWE test not performed for variant . at position 74775152 due to insufficient data.
2024-11-14 12:05:39,268 - Variant . at position 74775292 skipped: No variation in genotypes.
2024-11-14 12:05:39,270 - Variant . at position 74775384 skipped: No variation in genotypes.
2024-11-14 12:05:39,273 - HWE test not performed for variant . at position 74775385 due to insufficient data.
2024-11-14 12:05:39,295 - Variant . at position 74775459 skipped: No variation in genotypes.
2024-11-14 12:05:39,298 - HWE test not performed for variant . at position 74775471 due to insufficient data.
2024-11-14 12:05:39,317 - Variant . at position 74775555 skipped: No variation in genotypes.
2024-11-14 12:05:39,320 - HWE test not performed for variant . at position 74775726 due to insufficient data.
2024-11-14 12:05:39,343 - Variant . at position 74775755 skipped: No variation in genotypes.
2024-11-14 12:05:39,345 - Variant . at position 74775774 skipped: No variation in genotypes.
2024-11-14 12:05:39,348 - HWE test not performed for variant . at position 74775880 due to insufficient data.
2024-11-14 12:05:39,371 - HWE test not performed for variant . at position 74775881 due to insufficient data.
2024-11-14 12:05:39,394 - HWE test not performed for variant . at position 74775882 due to insufficient data.
2024-11-14 12:05:39,417 - HWE test not performed for variant . at position 74775883 due to insufficient data.
2024-11-14 12:05:39,441 - HWE test not performed for variant . at position 74775890 due to insufficient data.
2024-11-14 12:05:39,460 - Variant . at position 74775899 skipped: No variation in genotypes.
2024-11-14 12:05:39,462 - Variant . at position 74775900 skipped: No variation in genotypes.
2024-11-14 12:05:39,465 - HWE test not performed for variant . at position 74775900 due to insufficient data.
2024-11-14 12:05:39,485 - HWE test not performed for variant . at position 74775913 due to insufficient data.
2024-11-14 12:05:39,509 - HWE test not performed for variant . at position 74775928 due to insufficient data.
2024-11-14 12:05:39,532 - HWE test not performed for variant . at position 74775948 due to insufficient data.
2024-11-14 12:05:39,576 - HWE test not performed for variant . at position 74775948 due to insufficient data.
2024-11-14 12:05:39,598 - Variant . at position 74775948 skipped: No variation in genotypes.
2024-11-14 12:05:39,601 - HWE test not performed for variant . at position 74775948 due to insufficient data.
2024-11-14 12:05:39,621 - Variant . at position 74775948 skipped: No variation in genotypes.
2024-11-14 12:05:39,624 - HWE test not performed for variant . at position 74775948 due to insufficient data.
2024-11-14 12:05:39,667 - Variant . at position 74775948 skipped: No variation in genotypes.
2024-11-14 12:05:39,670 - HWE test not performed for variant . at position 74775948 due to insufficient data.
2024-11-14 12:05:39,690 - Variant . at position 74775992 skipped: No variation in genotypes.
2024-11-14 12:05:39,693 - HWE test not performed for variant . at position 74776011 due to insufficient data.
2024-11-14 12:05:39,716 - HWE test not performed for variant . at position 74776039 due to insufficient data.
2024-11-14 12:05:39,735 - Variant . at position 74776057 skipped: No variation in genotypes.
2024-11-14 12:05:39,736 - Variant . at position 74776095 skipped: No variation in genotypes.
2024-11-14 12:05:39,739 - HWE test not performed for variant . at position 74776132 due to insufficient data.
2024-11-14 12:05:39,762 - HWE test not performed for variant . at position 74776177 due to insufficient data.
2024-11-14 12:05:39,784 - Variant . at position 74776178 skipped: No variation in genotypes.
2024-11-14 12:05:39,785 - Variant . at position 74776199 skipped: No variation in genotypes.
2024-11-14 12:05:39,787 - Variant . at position 74776329 skipped: No variation in genotypes.
